<?xml version="1.0" encoding="UTF-8"?>
<!-- Generated by org.testng.reporters.JUnitReportReporter -->
<testsuite name="com.Inter.ColorValidate" tests="1" time="14.468" ignored="0" failures="0" timestamp="12 Mar 2018 05:21:12 GMT" skipped="0" hostname="shravan" errors="0">
  <testcase name="color" time="14.468" classname="com.Inter.ColorValidate"/>
</testsuite> <!-- com.Inter.ColorValidate -->
